Backup started: Fri Aug 17 12:40:51 BST 2012
Backup started: Fri Aug 17 12:47:57 BST 2012
Backup started: Sat Aug 18 02:00:01 BST 2012
Backup completed: Sat Aug 18 02:12:48 BST 2012
Backup started: Sun Aug 19 02:00:01 BST 2012
Backup completed: Sun Aug 19 02:12:56 BST 2012
Backup started: Mon Aug 20 02:00:01 BST 2012
Backup completed: Mon Aug 20 02:12:59 BST 2012
Backup started: Tue Aug 21 02:00:01 BST 2012
Backup completed: Tue Aug 21 02:12:48 BST 2012
Backup started: Wed Aug 22 02:00:01 BST 2012
Backup completed: Wed Aug 22 02:12:37 BST 2012
Backup started: Thu Aug 23 02:00:01 BST 2012
Backup completed: Thu Aug 23 02:13:12 BST 2012
Backup started: Fri Aug 24 02:00:01 BST 2012
Backup completed: Fri Aug 24 02:12:55 BST 2012
Backup started: Sat Aug 25 02:00:01 BST 2012
Backup completed: Sat Aug 25 02:12:29 BST 2012
Backup started: Sun Aug 26 02:00:01 BST 2012
Backup completed: Sun Aug 26 02:12:21 BST 2012
Backup started: Mon Aug 27 02:00:01 BST 2012
Backup completed: Mon Aug 27 02:12:35 BST 2012
Backup started: Tue Aug 28 02:00:01 BST 2012
Backup completed: Tue Aug 28 02:13:16 BST 2012
Backup started: Wed Aug 29 02:00:01 BST 2012
Backup completed: Wed Aug 29 02:12:33 BST 2012
Backup started: Thu Aug 30 02:00:01 BST 2012
Backup completed: Thu Aug 30 02:13:04 BST 2012
Backup started: Fri Aug 31 02:00:01 BST 2012
Backup completed: Fri Aug 31 02:12:55 BST 2012
Backup started: Sat Sep 1 02:00:01 BST 2012
Backup completed: Sat Sep 1 02:12:54 BST 2012
1st of Month Backup started: Sat Sep 1 02:15:01 BST 2012
1st of Month Backup completed: Sat Sep 1 02:27:59 BST 2012
Backup started: Sun Sep 2 02:00:01 BST 2012
Backup completed: Sun Sep 2 02:13:59 BST 2012
Backup started: Mon Sep 3 02:00:01 BST 2012
Backup completed: Mon Sep 3 02:13:29 BST 2012
Backup started: Tue Sep 4 02:00:01 BST 2012
Backup completed: Tue Sep 4 02:13:00 BST 2012
Backup started: Wed Sep 5 02:00:01 BST 2012
Backup completed: Wed Sep 5 02:13:43 BST 2012
Backup started: Thu Sep 6 02:00:01 BST 2012
Backup completed: Thu Sep 6 02:13:06 BST 2012
Backup started: Fri Sep 7 02:00:01 BST 2012
Backup completed: Fri Sep 7 02:12:57 BST 2012
Backup started: Sat Sep 8 02:00:01 BST 2012
Backup completed: Sat Sep 8 02:12:49 BST 2012
Backup started: Sun Sep 9 02:00:01 BST 2012
Backup completed: Sun Sep 9 02:12:54 BST 2012
Backup started: Mon Sep 10 02:00:01 BST 2012
Backup completed: Mon Sep 10 02:13:03 BST 2012
Backup started: Tue Sep 11 02:00:01 BST 2012
Backup completed: Tue Sep 11 02:12:40 BST 2012
Backup started: Wed Sep 12 02:00:01 BST 2012
Backup completed: Wed Sep 12 02:12:48 BST 2012
Backup started: Thu Sep 13 02:00:01 BST 2012
Backup completed: Thu Sep 13 02:12:21 BST 2012
Backup started: Fri Sep 14 02:00:01 BST 2012
Backup completed: Fri Sep 14 02:12:56 BST 2012
Backup started: Sat Sep 15 02:00:01 BST 2012
Backup completed: Sat Sep 15 02:13:03 BST 2012
Backup started: Sun Sep 16 02:00:01 BST 2012
Backup completed: Sun Sep 16 02:12:47 BST 2012
Backup started: Mon Sep 17 02:00:01 BST 2012
Backup completed: Mon Sep 17 02:13:05 BST 2012
Backup started: Tue Sep 18 02:00:01 BST 2012
Backup completed: Tue Sep 18 02:13:11 BST 2012
Backup started: Wed Sep 19 02:00:01 BST 2012
Backup completed: Wed Sep 19 02:13:14 BST 2012
Backup started: Thu Sep 20 02:00:01 BST 2012
Backup completed: Thu Sep 20 02:12:50 BST 2012
Backup started: Fri Sep 21 02:00:01 BST 2012
Backup completed: Fri Sep 21 02:13:11 BST 2012
Backup started: Sat Sep 22 02:00:01 BST 2012
Backup completed: Sat Sep 22 02:13:29 BST 2012
Backup started: Sun Sep 23 02:00:01 BST 2012
Backup completed: Sun Sep 23 02:12:58 BST 2012
Backup started: Mon Sep 24 02:00:01 BST 2012
Backup completed: Mon Sep 24 02:13:12 BST 2012
Backup started: Tue Sep 25 02:00:01 BST 2012
Backup completed: Tue Sep 25 02:13:44 BST 2012
Backup started: Wed Sep 26 02:00:01 BST 2012
Backup completed: Wed Sep 26 02:13:09 BST 2012
Backup started: Thu Sep 27 02:00:01 BST 2012
Backup completed: Thu Sep 27 02:13:26 BST 2012
Backup started: Fri Sep 28 02:00:01 BST 2012
Backup completed: Fri Sep 28 02:13:35 BST 2012
Backup started: Sat Sep 29 02:00:01 BST 2012
Backup completed: Sat Sep 29 02:13:29 BST 2012
Backup started: Sun Sep 30 02:00:01 BST 2012
Backup completed: Sun Sep 30 02:13:05 BST 2012
Backup started: Mon Oct 1 02:00:01 BST 2012
Backup completed: Mon Oct 1 02:13:15 BST 2012
1st of Month Backup started: Mon Oct 1 02:15:01 BST 2012
1st of Month Backup completed: Mon Oct 1 02:28:00 BST 2012
Backup started: Tue Oct 2 02:00:01 BST 2012
Backup completed: Tue Oct 2 02:13:34 BST 2012
Backup started: Wed Oct 3 02:00:01 BST 2012
Backup completed: Wed Oct 3 02:13:40 BST 2012
Backup started: Thu Oct 4 02:00:01 BST 2012
Backup completed: Thu Oct 4 02:13:27 BST 2012
Backup started: Fri Oct 5 02:00:01 BST 2012
Backup completed: Fri Oct 5 02:13:26 BST 2012
Backup started: Sat Oct 6 02:00:01 BST 2012
Backup completed: Sat Oct 6 02:13:40 BST 2012
Backup started: Sun Oct 7 02:00:01 BST 2012
Backup completed: Sun Oct 7 02:14:32 BST 2012
Backup started: Mon Oct 8 02:00:01 BST 2012
Backup completed: Mon Oct 8 02:13:54 BST 2012
Backup started: Tue Oct 9 02:00:01 BST 2012
Backup completed: Tue Oct 9 02:13:33 BST 2012
Backup started: Wed Oct 10 02:00:01 BST 2012
Backup completed: Wed Oct 10 02:13:41 BST 2012
Backup started: Thu Oct 11 02:00:02 BST 2012
Backup completed: Thu Oct 11 02:13:13 BST 2012
Backup started: Fri Oct 12 02:00:01 BST 2012
Backup completed: Fri Oct 12 02:13:23 BST 2012
Backup started: Sat Oct 13 02:00:01 BST 2012
Backup completed: Sat Oct 13 02:12:46 BST 2012
Backup started: Sun Oct 14 02:00:01 BST 2012
Backup completed: Sun Oct 14 02:13:09 BST 2012
Backup started: Mon Oct 15 02:00:01 BST 2012
Backup completed: Mon Oct 15 02:13:02 BST 2012
Backup started: Tue Oct 16 02:00:02 BST 2012
Backup completed: Tue Oct 16 02:14:28 BST 2012
Backup started: Wed Oct 17 02:00:01 BST 2012
Backup completed: Wed Oct 17 02:13:44 BST 2012
Backup started: Thu Oct 18 02:00:01 BST 2012
Backup completed: Thu Oct 18 02:13:52 BST 2012
Backup started: Fri Oct 19 02:00:01 BST 2012
Backup completed: Fri Oct 19 02:14:14 BST 2012
Backup started: Sat Oct 20 02:00:01 BST 2012
Backup completed: Sat Oct 20 02:13:37 BST 2012
Backup started: Sun Oct 21 02:00:01 BST 2012
Backup completed: Sun Oct 21 02:13:58 BST 2012
Backup started: Mon Oct 22 02:00:01 BST 2012
Backup completed: Mon Oct 22 02:14:11 BST 2012
Backup started: Tue Oct 23 02:00:01 BST 2012
Backup completed: Tue Oct 23 02:14:36 BST 2012
Backup started: Wed Oct 24 02:00:01 BST 2012
Backup completed: Wed Oct 24 02:14:30 BST 2012
Backup started: Thu Oct 25 02:00:01 BST 2012
Backup completed: Thu Oct 25 02:14:11 BST 2012
Backup started: Fri Oct 26 02:00:01 BST 2012
Backup completed: Fri Oct 26 02:14:21 BST 2012
Backup started: Sat Oct 27 02:00:01 BST 2012
Backup completed: Sat Oct 27 02:14:27 BST 2012
Backup started: Sun Oct 28 02:00:01 GMT 2012
Backup completed: Sun Oct 28 02:14:16 GMT 2012
Backup started: Mon Oct 29 02:00:01 GMT 2012
Backup completed: Mon Oct 29 02:14:17 GMT 2012
Backup started: Tue Oct 30 02:00:01 GMT 2012
Backup completed: Tue Oct 30 02:14:19 GMT 2012
Backup started: Wed Oct 31 02:00:01 GMT 2012
Backup completed: Wed Oct 31 02:14:18 GMT 2012
Backup started: Thu Nov 1 02:00:01 GMT 2012
Backup completed: Thu Nov 1 02:13:53 GMT 2012
1st of Month Backup started: Thu Nov 1 02:15:02 GMT 2012
1st of Month Backup completed: Thu Nov 1 02:29:11 GMT 2012
Backup started: Fri Nov 2 02:00:01 GMT 2012
Backup completed: Fri Nov 2 02:14:30 GMT 2012
Backup started: Sat Nov 3 02:00:01 GMT 2012
Backup completed: Sat Nov 3 02:14:40 GMT 2012
Backup started: Sun Nov 4 02:00:01 GMT 2012
Backup completed: Sun Nov 4 02:15:33 GMT 2012
Backup started: Mon Nov 5 02:00:01 GMT 2012
Backup completed: Mon Nov 5 02:13:52 GMT 2012
Backup started: Tue Nov 6 02:00:01 GMT 2012
Backup completed: Tue Nov 6 02:14:19 GMT 2012
Backup started: Wed Nov 7 02:00:01 GMT 2012
Backup completed: Wed Nov 7 02:14:39 GMT 2012
Backup started: Thu Nov 8 02:00:01 GMT 2012
Backup completed: Thu Nov 8 02:13:54 GMT 2012
Backup started: Fri Nov 9 02:00:01 GMT 2012
Backup completed: Fri Nov 9 02:14:17 GMT 2012
Backup started: Sat Nov 10 02:00:01 GMT 2012
Backup completed: Sat Nov 10 02:14:42 GMT 2012
Backup started: Sun Nov 11 02:00:01 GMT 2012
Backup completed: Sun Nov 11 02:14:32 GMT 2012
Backup started: Mon Nov 12 02:00:01 GMT 2012
Backup completed: Mon Nov 12 02:14:25 GMT 2012
Backup started: Tue Nov 13 02:00:01 GMT 2012
Backup completed: Tue Nov 13 02:14:52 GMT 2012
Backup started: Wed Nov 14 02:00:01 GMT 2012
Backup completed: Wed Nov 14 02:14:37 GMT 2012
Backup started: Thu Nov 15 02:00:01 GMT 2012
Backup completed: Thu Nov 15 02:14:32 GMT 2012
Backup started: Fri Nov 16 02:00:01 GMT 2012
Backup completed: Fri Nov 16 02:14:07 GMT 2012
Backup started: Sat Nov 17 02:00:01 GMT 2012
Backup completed: Sat Nov 17 02:14:41 GMT 2012
Backup started: Sun Nov 18 02:00:01 GMT 2012
Backup completed: Sun Nov 18 02:14:06 GMT 2012
Backup started: Mon Nov 19 02:00:01 GMT 2012
Backup completed: Mon Nov 19 02:14:47 GMT 2012
Backup started: Tue Nov 20 02:00:01 GMT 2012
Backup completed: Tue Nov 20 02:14:32 GMT 2012
Backup started: Wed Nov 21 02:00:01 GMT 2012
Backup completed: Wed Nov 21 02:14:41 GMT 2012
Backup started: Thu Nov 22 02:00:01 GMT 2012
Backup completed: Thu Nov 22 02:14:29 GMT 2012
Backup started: Fri Nov 23 02:00:01 GMT 2012
Backup completed: Fri Nov 23 02:14:39 GMT 2012
Backup started: Sat Nov 24 02:00:01 GMT 2012
Backup completed: Sat Nov 24 02:14:59 GMT 2012
Backup started: Sun Nov 25 02:00:01 GMT 2012
Backup completed: Sun Nov 25 02:15:28 GMT 2012
Backup started: Mon Nov 26 02:00:01 GMT 2012
Backup completed: Mon Nov 26 02:14:37 GMT 2012
Backup started: Tue Nov 27 02:00:01 GMT 2012
Backup completed: Tue Nov 27 02:15:00 GMT 2012
Backup started: Wed Nov 28 02:00:01 GMT 2012
Backup completed: Wed Nov 28 02:15:12 GMT 2012
Backup started: Thu Nov 29 02:00:01 GMT 2012
Backup completed: Thu Nov 29 02:15:15 GMT 2012
Backup started: Fri Nov 30 02:00:01 GMT 2012
Backup completed: Fri Nov 30 02:14:56 GMT 2012
Backup started: Sat Dec 1 02:00:01 GMT 2012
1st of Month Backup started: Sat Dec 1 02:15:02 GMT 2012
Backup completed: Sat Dec 1 02:15:17 GMT 2012
1st of Month Backup completed: Sat Dec 1 02:29:29 GMT 2012
Backup started: Sun Dec 2 02:00:01 GMT 2012
Backup completed: Sun Dec 2 02:16:23 GMT 2012
Backup started: Mon Dec 3 02:00:01 GMT 2012
Backup completed: Mon Dec 3 02:15:00 GMT 2012
Backup started: Tue Dec 4 02:00:01 GMT 2012
Backup completed: Tue Dec 4 02:15:18 GMT 2012
Backup started: Wed Dec 5 02:00:01 GMT 2012
Backup completed: Wed Dec 5 02:15:05 GMT 2012
Backup started: Thu Dec 6 02:00:02 GMT 2012
Backup completed: Thu Dec 6 02:15:45 GMT 2012
Backup started: Fri Dec 7 02:00:01 GMT 2012
Backup completed: Fri Dec 7 02:15:11 GMT 2012
Backup started: Sat Dec 8 02:00:01 GMT 2012
Backup completed: Sat Dec 8 02:15:22 GMT 2012
Backup started: Sun Dec 9 02:00:01 GMT 2012
Backup completed: Sun Dec 9 02:15:12 GMT 2012
Backup started: Mon Dec 10 02:00:02 GMT 2012
Backup completed: Mon Dec 10 02:15:33 GMT 2012
Backup started: Tue Dec 11 02:00:01 GMT 2012
Backup completed: Tue Dec 11 02:15:01 GMT 2012
Backup started: Wed Dec 12 02:00:01 GMT 2012
Backup completed: Wed Dec 12 02:15:47 GMT 2012
Backup started: Thu Dec 13 02:00:01 GMT 2012
Backup completed: Thu Dec 13 02:15:12 GMT 2012
Backup started: Fri Dec 14 02:00:01 GMT 2012
Backup completed: Fri Dec 14 02:15:14 GMT 2012
Backup started: Sat Dec 15 02:00:01 GMT 2012
Backup completed: Sat Dec 15 02:15:17 GMT 2012
Backup started: Sun Dec 16 02:00:02 GMT 2012
Backup completed: Sun Dec 16 02:15:29 GMT 2012
Backup started: Mon Dec 17 02:00:01 GMT 2012
Backup completed: Mon Dec 17 02:14:26 GMT 2012
Backup started: Tue Dec 18 02:00:01 GMT 2012
Backup completed: Tue Dec 18 02:15:09 GMT 2012
Backup started: Wed Dec 19 02:00:02 GMT 2012
Backup completed: Wed Dec 19 02:14:29 GMT 2012
Backup started: Thu Dec 20 02:00:01 GMT 2012
Backup completed: Thu Dec 20 02:15:31 GMT 2012
Backup started: Fri Dec 21 02:00:02 GMT 2012
Backup completed: Fri Dec 21 02:14:34 GMT 2012
Backup started: Sat Dec 22 02:00:02 GMT 2012
Backup completed: Sat Dec 22 02:14:52 GMT 2012
Backup started: Sun Dec 23 02:00:01 GMT 2012
Backup completed: Sun Dec 23 02:15:05 GMT 2012
Backup started: Mon Dec 24 02:00:01 GMT 2012
Backup completed: Mon Dec 24 02:15:48 GMT 2012
Backup started: Tue Dec 25 02:00:01 GMT 2012
Backup completed: Tue Dec 25 02:15:27 GMT 2012
Backup started: Wed Dec 26 02:00:01 GMT 2012
Backup completed: Wed Dec 26 02:15:47 GMT 2012
Backup started: Thu Dec 27 02:00:01 GMT 2012
Backup completed: Thu Dec 27 02:15:59 GMT 2012
Backup started: Fri Dec 28 02:00:01 GMT 2012
Backup completed: Fri Dec 28 02:15:37 GMT 2012
Backup started: Sat Dec 29 02:00:01 GMT 2012
Backup completed: Sat Dec 29 02:15:48 GMT 2012
Backup started: Sun Dec 30 02:00:01 GMT 2012
Backup completed: Sun Dec 30 02:16:00 GMT 2012
Backup started: Mon Dec 31 02:00:01 GMT 2012
Backup completed: Mon Dec 31 02:15:33 GMT 2012
Backup started: Tue Jan 1 02:00:01 GMT 2013
1st of Month Backup started: Tue Jan 1 02:15:02 GMT 2013
Backup completed: Tue Jan 1 02:17:13 GMT 2013
1st of Month Backup completed: Tue Jan 1 02:31:51 GMT 2013
Backup started: Wed Jan 2 02:00:01 GMT 2013
Backup completed: Wed Jan 2 02:15:47 GMT 2013
Cleaning backup archive [annual]: Wed Jan 2 02:20:01 GMT 2013
Removed 2011-02-01.tar
Removed 2011-03-01.tar
Removed 2011-04-01.tar
Removed 2011-05-01.tar
Removed 2011-06-01.tar
Removed 2011-07-01.tar
Removed 2011-08-01.tar
Removed 2011-09-01.tar
Removed 2011-10-01.tar
Removed 2011-11-01.tar
Removed 2011-12-01.tar
Archive clean [annual]: COMPLETE Wed Jan 2 02:20:01 GMT 2013
Backup started: Thu Jan 3 02:00:01 GMT 2013
Backup completed: Thu Jan 3 02:16:21 GMT 2013
Backup started: Fri Jan 4 02:00:01 GMT 2013
Backup completed: Fri Jan 4 02:15:38 GMT 2013
Backup started: Sat Jan 5 02:00:01 GMT 2013
Backup completed: Sat Jan 5 02:16:20 GMT 2013
Backup started: Sun Jan 6 02:00:01 GMT 2013
Backup completed: Sun Jan 6 02:17:46 GMT 2013
Backup started: Mon Jan 7 02:00:01 GMT 2013
Backup completed: Mon Jan 7 02:15:45 GMT 2013
Backup started: Tue Jan 8 02:00:01 GMT 2013
Backup completed: Tue Jan 8 02:16:26 GMT 2013
Backup started: Wed Jan 9 02:00:01 GMT 2013
Backup completed: Wed Jan 9 02:16:31 GMT 2013
Backup started: Thu Jan 10 02:00:01 GMT 2013
Backup completed: Thu Jan 10 02:16:11 GMT 2013
Backup started: Fri Jan 11 02:00:01 GMT 2013
Backup completed: Fri Jan 11 02:16:03 GMT 2013
Backup started: Sat Jan 12 02:00:01 GMT 2013
Backup completed: Sat Jan 12 02:16:27 GMT 2013
Backup started: Sun Jan 13 02:00:01 GMT 2013
Backup completed: Sun Jan 13 02:16:48 GMT 2013
Backup started: Mon Jan 14 02:00:01 GMT 2013
Backup completed: Mon Jan 14 02:16:13 GMT 2013
Backup started: Tue Jan 15 02:00:01 GMT 2013
Backup completed: Tue Jan 15 02:17:00 GMT 2013
Backup started: Wed Jan 16 02:00:01 GMT 2013
Backup completed: Wed Jan 16 02:16:45 GMT 2013
Backup started: Thu Jan 17 02:00:01 GMT 2013
Backup completed: Thu Jan 17 02:14:54 GMT 2013
Backup started: Fri Jan 18 02:00:01 GMT 2013
Backup completed: Fri Jan 18 02:14:03 GMT 2013
Backup started: Sat Jan 19 02:00:01 GMT 2013
Backup completed: Sat Jan 19 02:14:53 GMT 2013
Backup started: Sun Jan 20 02:00:01 GMT 2013
Backup completed: Sun Jan 20 02:14:23 GMT 2013
Backup started: Mon Jan 21 02:00:02 GMT 2013
Backup completed: Mon Jan 21 02:15:22 GMT 2013
Backup started: Tue Jan 22 02:00:01 GMT 2013
Backup completed: Tue Jan 22 02:15:12 GMT 2013
Backup started: Wed Jan 23 02:00:01 GMT 2013
Backup completed: Wed Jan 23 02:15:44 GMT 2013
Backup started: Thu Jan 24 02:00:02 GMT 2013
Backup completed: Thu Jan 24 02:18:40 GMT 2013
Backup started: Fri Jan 25 02:00:01 GMT 2013
Backup completed: Fri Jan 25 02:00:01 GMT 2013
Backup started: Tue Jan 29 02:00:01 GMT 2013
Backup completed: Tue Jan 29 02:00:01 GMT 2013
Backup started: Wed Jan 30 02:00:01 GMT 2013
Backup completed: Wed Jan 30 02:00:01 GMT 2013
Backup started: Thu Jan 31 02:00:01 GMT 2013
Backup completed: Thu Jan 31 02:00:01 GMT 2013
Backup started: Fri Feb 1 02:00:01 GMT 2013
Backup completed: Fri Feb 1 02:00:01 GMT 2013
1st of Month Backup started: Fri Feb 1 02:15:01 GMT 2013
1st of Month Backup completed: Fri Feb 1 02:15:01 GMT 2013
Backup started: Sat Feb 2 02:00:01 GMT 2013
Backup completed: Sat Feb 2 02:00:01 GMT 2013
Backup started: Sun Feb 3 02:00:01 GMT 2013
